мар. 11, 2023 9:50:21 AM hw2_1 main
INFO: Incoming List: [55, 2, 9, 1, 5, 6, 0]
мар. 11, 2023 9:50:21 AM hw2_1 sort
INFO: Swapped: 2 and 55
мар. 11, 2023 9:50:21 AM hw2_1 sort
INFO: Swapped: 9 and 55
мар. 11, 2023 9:50:21 AM hw2_1 sort
INFO: Swapped: 1 and 55
мар. 11, 2023 9:50:21 AM hw2_1 sort
INFO: Swapped: 5 and 55
мар. 11, 2023 9:50:21 AM hw2_1 sort
INFO: Swapped: 6 and 55
мар. 11, 2023 9:50:21 AM hw2_1 sort
INFO: Swapped: 0 and 55
мар. 11, 2023 9:50:21 AM hw2_1 sort
INFO: Swapped: 1 and 9
мар. 11, 2023 9:50:21 AM hw2_1 sort
INFO: Swapped: 5 and 9
мар. 11, 2023 9:50:21 AM hw2_1 sort
INFO: Swapped: 6 and 9
мар. 11, 2023 9:50:21 AM hw2_1 sort
INFO: Swapped: 0 and 9
мар. 11, 2023 9:50:21 AM hw2_1 sort
INFO: Swapped: 1 and 2
мар. 11, 2023 9:50:21 AM hw2_1 sort
INFO: Swapped: 0 and 6
мар. 11, 2023 9:50:21 AM hw2_1 sort
INFO: Swapped: 0 and 5
мар. 11, 2023 9:50:21 AM hw2_1 sort
INFO: Swapped: 0 and 2
мар. 11, 2023 9:50:21 AM hw2_1 sort
INFO: Swapped: 0 and 1
мар. 11, 2023 9:50:21 AM hw2_1 main
INFO: Sorted List: [0, 1, 2, 5, 6, 9, 55]
